<?xml version="1.0" encoding="UTF-8"?>
<!-- Generated by org.testng.reporters.JUnitReportReporter -->
<testsuite hostname="DESKTOP-LR9IA5A" failures="0" tests="1" name="com.NetBankingV1.TestCases.TC_AddCustomer_003" time="18.442" errors="0" timestamp="2022-10-04T19:46:07 IST" skipped="0">
  <testcase classname="com.NetBankingV1.TestCases.TC_AddCustomer_003" name="AddCustomer" time="18.442"/>
  <system-out/>
</testsuite> <!-- com.NetBankingV1.TestCases.TC_AddCustomer_003 -->
