<?xml version="1.0" encoding="UTF-8"?>
<!-- Generated by org.testng.reporters.JUnitReportReporter -->
<testsuite hostname="DESKTOP-LR9IA5A" failures="0" tests="1" name="com.NetBankingV1.TestCases.TC_Example" time="0.030" errors="0" timestamp="2022-09-20T18:19:35 IST" skipped="0">
  <testcase classname="com.NetBankingV1.TestCases.TC_Example" name="test" time="0.030"/>
  <system-out/>
</testsuite> <!-- com.NetBankingV1.TestCases.TC_Example -->
