<?xml version="1.0" encoding="UTF-8"?>
<!-- Generated by org.testng.reporters.JUnitReportReporter -->
<testsuite hostname="DESKTOP-LR9IA5A" failures="0" tests="1" name="com.NetBankingV1.TestCases.TC_logintest_001" time="2.190" errors="0" timestamp="2022-10-04T22:17:33 IST" skipped="0">
  <testcase classname="com.NetBankingV1.TestCases.TC_logintest_001" name="logintest" time="2.190"/>
  <system-out/>
</testsuite> <!-- com.NetBankingV1.TestCases.TC_logintest_001 -->
